<?xml version="1.0" encoding="UTF-8"?>
<!-- Generated by org.testng.reporters.JUnitReportReporter -->
<testsuite hostname="USHFLMZ33B7LVML" failures="0" tests="1"
           name="com.nbcuni.test.vamservice.tests.happypath.Verify_VamResponse" time="2.415" errors="0"
           timestamp="09 Nov 2019 15:42:29 GMT" skipped="0">
    <testcase classname="com.nbcuni.test.vamservice.tests.happypath.Verify_VamResponse" name="readDataFromFile"
              time="2.415"/>
</testsuite> <!-- com.nbcuni.test.vamservice.tests.happypath.Verify_VamResponse -->
