<?xml version="1.0" encoding="UTF-8"?>
<!-- Generated by org.testng.reporters.JUnitReportReporter -->
<testsuite hostname="USHFLMZ33B7LVML" failures="0" tests="1"
           name="com.nbcuni.test.vamservice.tests.happypath.VerifyHealthCheckStatus" time="0.004" errors="0"
           timestamp="05 Nov 2019 00:03:53 GMT" skipped="0">
    <testcase classname="com.nbcuni.test.vamservice.tests.happypath.VerifyHealthCheckStatus" name="heartbeat"
              time="0.004"/>
</testsuite> <!-- com.nbcuni.test.vamservice.tests.happypath.VerifyHealthCheckStatus -->
