<?xml version="1.0" encoding="UTF-8"?>
<!-- Generated by org.testng.reporters.JUnitReportReporter -->
<testsuite hostname="USHFLMZ33B7LVML" failures="0" tests="1"
           name="com.nbcuni.test.vamservice.tests.happypath.CouchbaseConnection" time="0.937" errors="0"
           timestamp="04 Nov 2019 23:32:39 GMT" skipped="0">
    <testcase classname="com.nbcuni.test.vamservice.tests.happypath.CouchbaseConnection" name="secondCase"
              time="0.937"/>
</testsuite> <!-- com.nbcuni.test.vamservice.tests.happypath.CouchbaseConnection -->
