<?xml version="1.0" encoding="UTF-8"?>
<!-- Generated by org.testng.reporters.JUnitReportReporter -->
<testsuite hostname="USHFLMZ33B7LVML" failures="0" tests="1"
           name="com.nbcuni.test.vamservice.tests.happypath.SampleTest" time="1.010" errors="0"
           timestamp="05 Nov 2019 03:59:30 GMT" skipped="0">
    <testcase classname="com.nbcuni.test.vamservice.tests.happypath.SampleTest" name="sampleTest1" time="1.010"/>
</testsuite> <!-- com.nbcuni.test.vamservice.tests.happypath.SampleTest -->
